<?xml version="1.0" encoding="UTF-8"?>
<testsuite xmlns:xsi="http://www.w3.org/2001/XMLSchema-instance" xsi:noNamespaceSchemaLocation="https://maven.apache.org/surefire/maven-surefire-plugin/xsd/surefire-test-report.xsd" name="ru.netology.statistic.StatisticsServiceTest" time="0.028" tests="5" errors="0" skipped="0" failures="0">
  <properties>
[...]
</properties>
  <testcase name="testFindMaxWhenFirstElementIsMax" classname="ru.netology.statistic.StatisticsServiceTest" time="0.02"/>
  <testcase name="findMax" classname="ru.netology.statistic.StatisticsServiceTest" time="0"/>
  <testcase name="findMaxWithCurrentIncomes" classname="ru.netology.statistic.StatisticsServiceTest" time="0"/>
  <testcase name="findMaxWithEmptyIncomes" classname="ru.netology.statistic.StatisticsServiceTest" time="0"/>
  <testcase name="testFindMaxWhenLastElementIsMax" classname="ru.netology.statistic.StatisticsServiceTest" time="0.001"/>
</testsuite>